<?xml version="1.0" encoding="UTF-8"?>
<!-- Generated by org.testng.reporters.JUnitReportReporter -->
<testsuite skipped="0" hostname="DESKTOP-2VR2US2" name="com.emr.testrunner.Testrunner" tests="1" failures="0" timestamp="10 Mar 2018 21:06:19 GMT" time="11.703" errors="0">
  <testcase name="feature" time="11.703" classname="com.emr.testrunner.Testrunner"/>
</testsuite> <!-- com.emr.testrunner.Testrunner -->
